0 info it worked if it ends with ok
1 verbose cli [ '/Users/jtroiani/.nvm/versions/node/v5.10.1/bin/node',
1 verbose cli   '/Users/jtroiani/.nvm/versions/node/v5.10.1/bin/npm',
1 verbose cli   'start' ]
2 info using npm@3.8.3
3 info using node@v5.10.1
4 verbose run-script [ 'prestart', 'start', 'poststart' ]
5 info lifecycle react_redux_app@1.0.0~prestart: react_redux_app@1.0.0
6 verbose lifecycle react_redux_app@1.0.0~prestart: unsafe-perm in lifecycle true
7 verbose lifecycle react_redux_app@1.0.0~prestart: PATH: /Users/jtroiani/.nvm/versions/node/v5.10.1/lib/node_modules/npm/bin/node-gyp-bin:/Users/jtroiani/Developer/react-redux-app/node_modules/.bin:/Users/jtroiani/.nvm/versions/node/v5.10.1/bin:/Users/jtroiani/.nvm/versions/node/v5.10.1/bin:/usr/local/bin:/usr/bin:/bin:/usr/sbin:/sbin
8 verbose lifecycle react_redux_app@1.0.0~prestart: CWD: /Users/jtroiani/Developer/react-redux-app
9 silly lifecycle react_redux_app@1.0.0~prestart: Args: [ '-c', 'babel-node tools/startMessage.js' ]
10 silly lifecycle react_redux_app@1.0.0~prestart: Returned: code: 0  signal: null
11 info lifecycle react_redux_app@1.0.0~start: react_redux_app@1.0.0
12 verbose lifecycle react_redux_app@1.0.0~start: unsafe-perm in lifecycle true
13 verbose lifecycle react_redux_app@1.0.0~start: PATH: /Users/jtroiani/.nvm/versions/node/v5.10.1/lib/node_modules/npm/bin/node-gyp-bin:/Users/jtroiani/Developer/react-redux-app/node_modules/.bin:/Users/jtroiani/.nvm/versions/node/v5.10.1/bin:/Users/jtroiani/.nvm/versions/node/v5.10.1/bin:/usr/local/bin:/usr/bin:/bin:/usr/sbin:/sbin
14 verbose lifecycle react_redux_app@1.0.0~start: CWD: /Users/jtroiani/Developer/react-redux-app
15 silly lifecycle react_redux_app@1.0.0~start: Args: [ '-c',
15 silly lifecycle   'npm-run-all --parallel open:src lint:watch test:watch' ]
16 silly lifecycle react_redux_app@1.0.0~start: Returned: code: 1  signal: null
17 info lifecycle react_redux_app@1.0.0~start: Failed to exec start script
18 verbose stack Error: react_redux_app@1.0.0 start: `npm-run-all --parallel open:src lint:watch test:watch`
18 verbose stack Exit status 1
18 verbose stack     at EventEmitter.<anonymous> (/Users/jtroiani/.nvm/versions/node/v5.10.1/lib/node_modules/npm/lib/utils/lifecycle.js:239:16)
18 verbose stack     at emitTwo (events.js:100:13)
18 verbose stack     at EventEmitter.emit (events.js:185:7)
18 verbose stack     at ChildProcess.<anonymous> (/Users/jtroiani/.nvm/versions/node/v5.10.1/lib/node_modules/npm/lib/utils/spawn.js:24:14)
18 verbose stack     at emitTwo (events.js:100:13)
18 verbose stack     at ChildProcess.emit (events.js:185:7)
18 verbose stack     at maybeClose (internal/child_process.js:850:16)
18 verbose stack     at Process.ChildProcess._handle.onexit (internal/child_process.js:215:5)
19 verbose pkgid react_redux_app@1.0.0
20 verbose cwd /Users/jtroiani/Developer/react-redux-app
21 error Darwin 15.6.0
22 error argv "/Users/jtroiani/.nvm/versions/node/v5.10.1/bin/node" "/Users/jtroiani/.nvm/versions/node/v5.10.1/bin/npm" "start"
23 error node v5.10.1
24 error npm  v3.8.3
25 error code ELIFECYCLE
26 error react_redux_app@1.0.0 start: `npm-run-all --parallel open:src lint:watch test:watch`
26 error Exit status 1
27 error Failed at the react_redux_app@1.0.0 start script 'npm-run-all --parallel open:src lint:watch test:watch'.
27 error Make sure you have the latest version of node.js and npm installed.
27 error If you do, this is most likely a problem with the react_redux_app package,
27 error not with npm itself.
27 error Tell the author that this fails on your system:
27 error     npm-run-all --parallel open:src lint:watch test:watch
27 error You can get information on how to open an issue for this project with:
27 error     npm bugs react_redux_app
27 error Or if that isn't available, you can get their info via:
27 error     npm owner ls react_redux_app
27 error There is likely additional logging output above.
28 verbose exit [ 1, true ]
